[32m[INFO][0m ì„¤ì • ëª¨ë“œ: manager
[32m[INFO][0m ì„¤ì • ëª¨ë“œ: manager
[31m[ERROR][0m Crontab íŒŒì¼ ì—†ìŒ: /app/Accessories/install/OCI/resource/cron.tab
[32m[INFO][0m ì„¤ì • ëª¨ë“œ: manager
[36m[SUCCESS][0m Crontab ì ìš© ì™„ë£Œ: /app/Accessories/install/OCI/resource/cron.tab
[32m[INFO][0m ì„¤ì¹˜í•œ íŒ¨í‚¤ì§€: git
[32m[INFO][0m ì„¤ì¹˜í•œ íŒ¨í‚¤ì§€: python3-pip
[32m[INFO][0m ì„¤ì¹˜í•œ íŒ¨í‚¤ì§€: python3-setuptools
[32m[INFO][0m ì„¤ì¹˜í•œ íŒ¨í‚¤ì§€: libmysqlclient-dev
[32m[INFO][0m ì„¤ì¹˜í•œ íŒ¨í‚¤ì§€: curl
[32m[INFO][0m ì„¤ì¹˜í•œ íŒ¨í‚¤ì§€: jq
[32m[INFO][0m ì„¤ì¹˜í•œ íŒ¨í‚¤ì§€: sqlite3
[32m[INFO][0m ì„¤ì¹˜í•œ íŒ¨í‚¤ì§€: sysstat
[32m[INFO][0m ì„¤ì¹˜í•œ íŒ¨í‚¤ì§€: traceroute
[32m[INFO][0m ì„¤ì¹˜í•œ íŒ¨í‚¤ì§€: unzip
[32m[INFO][0m ì„¤ì¹˜í•œ íŒ¨í‚¤ì§€: net-tools
[36m[SUCCESS][0m ê¸°ë³¸ íŒ¨í‚¤ì§€ ì„¤ì¹˜ ì™„ë£Œ
[32m[INFO][0m ì„¤ì¹˜í•œ íŒ¨í‚¤ì§€: git
[32m[INFO][0m ì„¤ì¹˜í•œ íŒ¨í‚¤ì§€: python3-pip
[32m[INFO][0m ì„¤ì¹˜í•œ íŒ¨í‚¤ì§€: python3-setuptools
[32m[INFO][0m ì„¤ì¹˜í•œ íŒ¨í‚¤ì§€: libmysqlclient-dev
[32m[INFO][0m ì„¤ì¹˜í•œ íŒ¨í‚¤ì§€: curl
[32m[INFO][0m ì„¤ì¹˜í•œ íŒ¨í‚¤ì§€: jq
[32m[INFO][0m ì„¤ì¹˜í•œ íŒ¨í‚¤ì§€: sqlite3
[32m[INFO][0m ì„¤ì¹˜í•œ íŒ¨í‚¤ì§€: sysstat
[32m[INFO][0m ì„¤ì¹˜í•œ íŒ¨í‚¤ì§€: traceroute
[32m[INFO][0m ì„¤ì¹˜í•œ íŒ¨í‚¤ì§€: unzip
[32m[INFO][0m ì„¤ì¹˜í•œ íŒ¨í‚¤ì§€: net-tools
[36m[SUCCESS][0m ê¸°ë³¸ íŒ¨í‚¤ì§€ ì„¤ì¹˜ ì™„ë£Œ
[32m[INFO][0m ì„¤ì • ëª¨ë“œ: manager
[32m[INFO][0m /etc/rc.local complete (manager)
[32m[INFO][0m .profile complete (manager)
[32m[INFO][0m connectome_stop complete
[32m[INFO][0m vm.max_map_count complete
[32m[INFO][0m /data/db dir auth complete
[32m[INFO][0m file and PAM complete
[32m[INFO][0m ì„¤ì • ëª¨ë“œ: manager
[32m[INFO][0m /etc/rc.local complete (manager)
[32m[INFO][0m .profile complete (manager)
[32m[INFO][0m connectome_stop complete
[32m[INFO][0m vm.max_map_count complete
[32m[INFO][0m /data/db dir auth complete
[32m[INFO][0m file and PAM complete
[32m[INFO][0m disable swap complete (fstab)
[32m[INFO][0m Log And data dir complete
[32m[INFO][0m chrony complete
[32m[INFO][0m nano syntax highlighter complete
[33m[WARN][0m userdelete.sh can't find
[32m[INFO][0m ì„¤ì • ëª¨ë“œ: manager
[32m[INFO][0m /etc/rc.local complete (manager)
[32m[INFO][0m .profile complete (manager)
[32m[INFO][0m connectome_stop complete
[32m[INFO][0m vm.max_map_count complete
[32m[INFO][0m /data/db dir auth complete
[32m[INFO][0m file and PAM complete
[32m[INFO][0m disable swap complete (fstab)
[32m[INFO][0m Log And data dir complete
[32m[INFO][0m chrony complete
[32m[INFO][0m nano syntax highlighter complete
[33m[WARN][0m userdelete.sh can't find
[32m[INFO][0m package clean up
[32m[INFO][0m ì„¤ì • ëª¨ë“œ: manager
[32m[INFO][0m /etc/rc.local complete (manager)
[32m[INFO][0m .profile complete (manager)
[32m[INFO][0m connectome_stop complete
[32m[INFO][0m vm.max_map_count complete
[32m[INFO][0m /data/db dir auth complete
[32m[INFO][0m file and PAM complete
[32m[INFO][0m disable swap complete (fstab)
[32m[INFO][0m Log And data dir complete
[32m[INFO][0m chrony complete
[32m[INFO][0m nano syntax highlighter complete
[32m[INFO][0m unnecessary users complete
[32m[INFO][0m package clean up
